app/build/intermediates/manifest_merge_blame_file/debug/manifest-merger-blame-debug-report.txt
1<?xml version="1.0" encoding="utf-8"?>
2<manifest xmlns:android="http://schemas.android.com/apk/res/android"
3    package="com.mobdeve.s12.tilttosurvive"
4    android:versionCode="1"
5    android:versionName="1.0" >
6
7    <uses-sdk
8        android:minSdkVersion="21"
8-->src\main\AndroidManifest.xml
9        android:targetSdkVersion="30" />
9-->src\main\AndroidManifest.xml
10
11    <application
11-->src\main\AndroidManifest.xml:5:5-36:19
12        android:allowBackup="true"
12-->src\main\AndroidManifest.xml:6:9-35
13        android:appComponentFactory="androidx.core.app.CoreComponentFactory"
13-->[androidx.core:core:1.5.0] AndroidManifest.xml:24:18-86
14        android:debuggable="true"
15        android:icon="@mipmap/ic_launcher"
15-->src\main\AndroidManifest.xml:7:9-43
16        android:label="@string/app_name"
16-->src\main\AndroidManifest.xml:8:9-41
17        android:roundIcon="@mipmap/ic_launcher_round"
17-->src\main\AndroidManifest.xml:10:9-54
18        android:screenOrientation="landscape"
18-->src\main\AndroidManifest.xml:9:9-46
19        android:supportsRtl="true"
19-->src\main\AndroidManifest.xml:11:9-35
20        android:testOnly="true"
21        android:theme="@style/Theme.TiltToSurvive" >
21-->src\main\AndroidManifest.xml:12:9-51
22        <activity
22-->src\main\AndroidManifest.xml:13:9-15:62
23            android:name="com.mobdeve.s12.tilttosurvive.postGameActivity"
23-->src\main\AndroidManifest.xml:14:13-45
24            android:screenOrientation="landscape" />
24-->src\main\AndroidManifest.xml:15:13-50
25        <activity
25-->src\main\AndroidManifest.xml:16:9-18:52
26            android:name="com.mobdeve.s12.tilttosurvive.StoreActivity"
26-->src\main\AndroidManifest.xml:17:13-42
27            android:screenOrientation="landscape" />
27-->src\main\AndroidManifest.xml:18:13-50
28        <activity
28-->src\main\AndroidManifest.xml:19:9-20:62
29            android:name="com.mobdeve.s12.tilttosurvive.ViewAchievementActivity"
29-->src\main\AndroidManifest.xml:19:19-58
30            android:screenOrientation="landscape" />
30-->src\main\AndroidManifest.xml:20:13-50
31        <activity
31-->src\main\AndroidManifest.xml:21:9-23:53
32            android:name="com.mobdeve.s12.tilttosurvive.PreGameActivity"
32-->src\main\AndroidManifest.xml:22:13-44
33            android:screenOrientation="landscape" />
33-->src\main\AndroidManifest.xml:23:13-50
34        <activity
34-->src\main\AndroidManifest.xml:24:9-26:53
35            android:name="com.mobdeve.s12.tilttosurvive.AchievementsActivity"
35-->src\main\AndroidManifest.xml:25:13-49
36            android:screenOrientation="landscape" />
36-->src\main\AndroidManifest.xml:26:13-50
37        <activity
37-->src\main\AndroidManifest.xml:27:9-35:20
38            android:name="com.mobdeve.s12.tilttosurvive.MainActivity"
38-->src\main\AndroidManifest.xml:28:13-41
39            android:screenOrientation="landscape" >
39-->src\main\AndroidManifest.xml:29:13-50
40            <intent-filter>
40-->src\main\AndroidManifest.xml:30:13-34:29
41                <action android:name="android.intent.action.MAIN" />
41-->src\main\AndroidManifest.xml:31:17-69
41-->src\main\AndroidManifest.xml:31:25-66
42
43                <category android:name="android.intent.category.LAUNCHER" />
43-->src\main\AndroidManifest.xml:33:17-77
43-->src\main\AndroidManifest.xml:33:27-74
44            </intent-filter>
45        </activity>
46    </application>
47
48</manifest>